<?xml version="1.0" encoding="UTF-8"?>
<!-- Generated by org.testng.reporters.JUnitXMLReporter -->
<testsuite ignored="0" hostname="LAPTOP-43356UN2" failures="0" tests="2" name="Default test" time="0.094" errors="0" timestamp="2022-09-22T15:14:02 IST">
  <testcase classname="Pack1.CrossBrow1" name="@BeforeTest openBrowser" time="-1.663839842225E9">
    <failure type="org.testng.TestNGException" message="
Parameter &amp;apos;browser&amp;apos; is required by BeforeTest on method openBrowser but has not been marked @Optional or defined
in C:\Users\user\AppData\Local\Temp\testng-eclipse-1241968133\testng-customsuite.xml">
      <![CDATA[org.testng.TestNGException: 
Parameter 'browser' is required by BeforeTest on method openBrowser but has not been marked @Optional or defined
in C:\Users\user\AppData\Local\Temp\testng-eclipse-1241968133\testng-customsuite.xml
at org.testng.internal.Parameters.createParams(Parameters.java:270)
at org.testng.internal.Parameters.createParametersForMethod(Parameters.java:358)
at org.testng.internal.Parameters.createParameters(Parameters.java:700)
at org.testng.internal.Parameters.createConfigurationParameters(Parameters.java:168)
at org.testng.internal.ConfigInvoker.invokeConfigurations(ConfigInvoker.java:302)
at org.testng.TestRunner.invokeTestConfigurations(TestRunner.java:637)
at org.testng.TestRunner.beforeRun(TestRunner.java:627)
at org.testng.TestRunner.run(TestRunner.java:589)
at org.testng.SuiteRunner.runTest(SuiteRunner.java:377)
at org.testng.SuiteRunner.runSequentially(SuiteRunner.java:371)
at org.testng.SuiteRunner.privateRun(SuiteRunner.java:332)
at org.testng.SuiteRunner.run(SuiteRunner.java:276)
at org.testng.SuiteRunnerWorker.runSuite(SuiteRunnerWorker.java:53)
at org.testng.SuiteRunnerWorker.run(SuiteRunnerWorker.java:96)
at org.testng.TestNG.runSuitesSequentially(TestNG.java:1212)
at org.testng.TestNG.runSuitesLocally(TestNG.java:1134)
at org.testng.TestNG.runSuites(TestNG.java:1063)
at org.testng.TestNG.run(TestNG.java:1031)
at org.testng.remote.AbstractRemoteTestNG.run(AbstractRemoteTestNG.java:115)
at org.testng.remote.RemoteTestNG.initAndRun(RemoteTestNG.java:251)
at org.testng.remote.RemoteTestNG.main(RemoteTestNG.java:77)
]]>
    </failure>
  </testcase> <!-- @BeforeTest openBrowser -->
  <testcase classname="Pack1.CrossBrow1" name="@BeforeClass createPOMObjects" time="-1.663839842262E9">
    <skipped/>
  </testcase> <!-- @BeforeClass createPOMObjects -->
  <testcase classname="Pack1.CrossBrow1" name="@BeforeMethod openRoomPage" time="-1.663839842286E9">
    <skipped/>
  </testcase> <!-- @BeforeMethod openRoomPage -->
  <testcase classname="Pack1.CrossBrow1" name="@AfterMethod logoutFromApplication" time="-1.663839842295E9">
    <skipped/>
  </testcase> <!-- @AfterMethod logoutFromApplication -->
  <testcase classname="Pack1.CrossBrow1" name="@BeforeMethod openRoomPage" time="-1.663839842298E9">
    <skipped/>
  </testcase> <!-- @BeforeMethod openRoomPage -->
  <testcase classname="Pack1.CrossBrow1" name="@AfterMethod logoutFromApplication" time="-1.663839842303E9">
    <skipped/>
  </testcase> <!-- @AfterMethod logoutFromApplication -->
  <testcase classname="Pack1.CrossBrow1" name="@AfterClass clearObjects" time="-1.663839842306E9">
    <skipped/>
  </testcase> <!-- @AfterClass clearObjects -->
  <testcase classname="Pack1.CrossBrow1" name="@AfterTest closeBrowser" time="-1.66383984231E9">
    <skipped/>
  </testcase> <!-- @AfterTest closeBrowser -->
  <testcase classname="Pack1.CrossBrow1" name="verifyContactToHelpCenterButton" time="0.0">
    <skipped/>
  </testcase> <!-- verifyContactToHelpCenterButton -->
  <testcase classname="Pack1.CrossBrow1" name="verifyReturnToMessengerButton" time="0.0">
    <skipped/>
  </testcase> <!-- verifyReturnToMessengerButton -->
</testsuite> <!-- Default test -->
